2024-01-23 20:26:03,429 DEBUG Horse: Создание Horse, имя [Bucephalus], скорость [2.4]
2024-01-23 20:26:03,436 DEBUG Horse: Создание Horse, имя [Ace of Spades], скорость [2.5]
2024-01-23 20:26:03,436 DEBUG Horse: Создание Horse, имя [Zephyr], скорость [2.6]
2024-01-23 20:26:03,437 DEBUG Horse: Создание Horse, имя [Blaze], скорость [2.7]
2024-01-23 20:26:03,437 DEBUG Horse: Создание Horse, имя [Lobster], скорость [2.8]
2024-01-23 20:26:03,437 DEBUG Horse: Создание Horse, имя [Pegasus], скорость [2.9]
2024-01-23 20:26:03,438 DEBUG Horse: Создание Horse, имя [Cherry], скорость [3.0]
2024-01-23 20:26:03,471 DEBUG Hippodrome: Создание Hippodrome, лошадей [7]
2024-01-23 20:26:03,471 INFO  Main: Начало скачек. Количество участников: 7
2024-01-23 20:26:23,797 INFO  Main: Окончание скачек. Победитель: Cherry
2024-01-23 20:34:07,134 DEBUG Horse: Создание Horse, имя [Bucephalus], скорость [2.4]
2024-01-23 20:34:07,139 DEBUG Horse: Создание Horse, имя [Ace of Spades], скорость [2.5]
2024-01-23 20:34:07,140 DEBUG Horse: Создание Horse, имя [Zephyr], скорость [2.6]
2024-01-23 20:34:07,140 DEBUG Horse: Создание Horse, имя [Blaze], скорость [2.7]
2024-01-23 20:34:07,141 DEBUG Horse: Создание Horse, имя [Lobster], скорость [2.8]
2024-01-23 20:34:07,141 DEBUG Horse: Создание Horse, имя [Pegasus], скорость [2.9]
2024-01-23 20:34:07,141 DEBUG Horse: Создание Horse, имя [Cherry], скорость [3.0]
2024-01-23 20:34:07,144 DEBUG Hippodrome: Создание Hippodrome, лошадей [7]
2024-01-23 20:34:07,144 INFO  Main: Начало скачек. Количество участников: 7
2024-01-23 20:34:27,513 INFO  Main: Окончание скачек. Победитель: Cherry
2024-01-23 20:34:47,074 DEBUG Horse: Создание Horse, имя [Bucephalus], скорость [2.4]
2024-01-23 20:34:47,079 DEBUG Horse: Создание Horse, имя [Ace of Spades], скорость [2.5]
2024-01-23 20:34:47,080 DEBUG Horse: Создание Horse, имя [Zephyr], скорость [2.6]
2024-01-23 20:34:47,080 DEBUG Horse: Создание Horse, имя [Blaze], скорость [2.7]
2024-01-23 20:34:47,080 DEBUG Horse: Создание Horse, имя [Lobster], скорость [2.8]
2024-01-23 20:34:47,080 DEBUG Horse: Создание Horse, имя [Pegasus], скорость [2.9]
2024-01-23 20:34:47,080 DEBUG Horse: Создание Horse, имя [Cherry], скорость [3.0]
2024-01-23 20:34:47,082 DEBUG Hippodrome: Создание Hippodrome, лошадей [7]
2024-01-23 20:34:47,082 INFO  Main: Начало скачек. Количество участников: 7
2024-01-23 20:35:07,676 INFO  Main: Окончание скачек. Победитель: Cherry
2024-01-24 00:00:46,904 DEBUG Horse: Создание Horse, имя [Bucephalus], скорость [2.4]
2024-01-24 00:00:46,910 DEBUG Horse: Создание Horse, имя [Ace of Spades], скорость [2.5]
2024-01-24 00:00:46,910 DEBUG Horse: Создание Horse, имя [Zephyr], скорость [2.6]
2024-01-24 00:00:46,910 DEBUG Horse: Создание Horse, имя [Blaze], скорость [2.7]
2024-01-24 00:00:46,910 DEBUG Horse: Создание Horse, имя [Lobster], скорость [2.8]
2024-01-24 00:00:46,910 DEBUG Horse: Создание Horse, имя [Pegasus], скорость [2.9]
2024-01-24 00:00:46,911 DEBUG Horse: Создание Horse, имя [Cherry], скорость [3.0]
2024-01-24 00:00:46,913 DEBUG Hippodrome: Создание Hippodrome, лошадей [7]
2024-01-24 00:00:46,913 INFO  Main: Начало скачек. Количество участников: 7
2024-01-24 00:01:07,326 INFO  Main: Окончание скачек. Победитель: Cherry
2024-01-24 00:02:11,031 DEBUG Horse: Создание Horse, имя [Bucephalus], скорость [2.4]
2024-01-24 00:02:11,036 DEBUG Horse: Создание Horse, имя [Ace of Spades], скорость [2.5]
2024-01-24 00:02:11,036 DEBUG Horse: Создание Horse, имя [Zephyr], скорость [2.6]
2024-01-24 00:02:11,037 DEBUG Horse: Создание Horse, имя [Blaze], скорость [2.7]
2024-01-24 00:02:11,037 DEBUG Horse: Создание Horse, имя [Lobster], скорость [2.8]
2024-01-24 00:02:11,037 DEBUG Horse: Создание Horse, имя [Pegasus], скорость [2.9]
2024-01-24 00:02:11,037 DEBUG Horse: Создание Horse, имя [Cherry], скорость [3.0]
2024-01-24 00:02:11,039 DEBUG Hippodrome: Создание Hippodrome, лошадей [7]
2024-01-24 00:02:11,039 INFO  Main: Начало скачек. Количество участников: 7
2024-01-24 00:02:31,439 INFO  Main: Окончание скачек. Победитель: Pegasus
2024-01-24 00:03:09,548 DEBUG Horse: Создание Horse, имя [Bucephalus], скорость [2.4]
2024-01-24 00:03:09,552 DEBUG Horse: Создание Horse, имя [Ace of Spades], скорость [2.5]
2024-01-24 00:03:09,553 DEBUG Horse: Создание Horse, имя [Zephyr], скорость [2.6]
2024-01-24 00:03:09,553 DEBUG Horse: Создание Horse, имя [Blaze], скорость [2.7]
2024-01-24 00:03:09,553 DEBUG Horse: Создание Horse, имя [Lobster], скорость [2.8]
2024-01-24 00:03:09,554 DEBUG Horse: Создание Horse, имя [Pegasus], скорость [2.9]
2024-01-24 00:03:09,554 DEBUG Horse: Создание Horse, имя [Cherry], скорость [3.0]
2024-01-24 00:03:09,556 DEBUG Hippodrome: Создание Hippodrome, лошадей [7]
2024-01-24 00:03:09,556 INFO  Main: Начало скачек. Количество участников: 7
2024-01-24 00:03:30,087 INFO  Main: Окончание скачек. Победитель: Cherry
2024-01-23 20:41:48,904 DEBUG Horse: Создание Horse, имя [Bucephalus], скорость [2.4]
2024-01-23 20:41:48,908 DEBUG Horse: Создание Horse, имя [Ace of Spades], скорость [2.5]
2024-01-23 20:41:48,909 DEBUG Horse: Создание Horse, имя [Zephyr], скорость [2.6]
2024-01-23 20:41:48,909 DEBUG Horse: Создание Horse, имя [Blaze], скорость [2.7]
2024-01-23 20:41:48,909 DEBUG Horse: Создание Horse, имя [Lobster], скорость [2.8]
2024-01-23 20:41:48,909 DEBUG Horse: Создание Horse, имя [Pegasus], скорость [2.9]
2024-01-23 20:41:48,909 DEBUG Horse: Создание Horse, имя [Cherry], скорость [3.0]
2024-01-23 20:41:48,910 DEBUG Hippodrome: Создание Hippodrome, лошадей [7]
2024-01-23 20:41:48,910 INFO  Main: Начало скачек. Количество участников: 7
2024-01-23 20:42:06,955 DEBUG Horse: Создание Horse, имя [Bucephalus], скорость [2.4]
2024-01-23 20:42:06,960 DEBUG Horse: Создание Horse, имя [Ace of Spades], скорость [2.5]
2024-01-23 20:42:06,960 DEBUG Horse: Создание Horse, имя [Zephyr], скорость [2.6]
2024-01-23 20:42:06,960 DEBUG Horse: Создание Horse, имя [Blaze], скорость [2.7]
2024-01-23 20:42:06,960 DEBUG Horse: Создание Horse, имя [Lobster], скорость [2.8]
2024-01-23 20:42:06,961 DEBUG Horse: Создание Horse, имя [Pegasus], скорость [2.9]
2024-01-23 20:42:06,961 DEBUG Horse: Создание Horse, имя [Cherry], скорость [3.0]
2024-01-23 20:42:06,963 DEBUG Hippodrome: Создание Hippodrome, лошадей [7]
2024-01-23 20:42:06,963 INFO  Main: Начало скачек. Количество участников: 7
2024-01-23 20:42:27,700 INFO  Main: Окончание скачек. Победитель: Cherry
2024-01-23 20:43:52,135 DEBUG Horse: Создание Horse, имя [Bucephalus], скорость [2.4]
2024-01-23 20:43:52,139 DEBUG Horse: Создание Horse, имя [Ace of Spades], скорость [2.5]
2024-01-23 20:43:52,139 DEBUG Horse: Создание Horse, имя [Zephyr], скорость [2.6]
2024-01-23 20:43:52,139 DEBUG Horse: Создание Horse, имя [Blaze], скорость [2.7]
2024-01-23 20:43:52,140 DEBUG Horse: Создание Horse, имя [Lobster], скорость [2.8]
2024-01-23 20:43:52,140 DEBUG Horse: Создание Horse, имя [Pegasus], скорость [2.9]
2024-01-23 20:43:52,140 DEBUG Horse: Создание Horse, имя [Cherry], скорость [3.0]
2024-01-23 20:43:52,142 DEBUG Hippodrome: Создание Hippodrome, лошадей [7]
2024-01-23 20:43:52,143 INFO  Main: Начало скачек. Количество участников: 7
2024-01-23 20:44:12,833 INFO  Main: Окончание скачек. Победитель: Cherry
